
 ⛅️ wrangler 4.71.0 (update available 4.80.0)
─────────────────────────────────────────────
Your Worker has access to the following bindings:
Binding                              Resource         Mode
env.grocery_list (grocery-list)      D1 Database      local

⎔ Starting local server...
[wrangler:info] Ready on http://localhost:3000
[wrangler:info] GET / 200 OK (21ms)
[wrangler:info] GET /style.css 200 OK (8ms)
[wrangler:info] GET /app.js 200 OK (8ms)
⎔ Reloading local server...
⎔ Local server updated and ready
⎔ Reloading local server...
⎔ Local server updated and ready
⎔ Reloading local server...
⎔ Local server updated and ready
⎔ Reloading local server...
⎔ Local server updated and ready
[wrangler:info] GET / 200 OK (25ms)
[wrangler:info] GET / 200 OK (20ms)
[wrangler:info] GET /style.css 200 OK (21ms)
[wrangler:info] GET /app.js 200 OK (11ms)
[wrangler:info] GET /style.css 200 OK (32ms)
[wrangler:info] GET /app.js 200 OK (26ms)
[wrangler:info] GET / 304 Not Modified (6ms)
[wrangler:info] GET /app.js 304 Not Modified (21ms)
[wrangler:info] GET /style.css 304 Not Modified (37ms)
[wrangler:info] GET / 200 OK (5ms)
[wrangler:info] GET /style.css 200 OK (10ms)
[wrangler:info] GET /app.js 200 OK (9ms)
[wrangler:info] GET / 304 Not Modified (4ms)
[wrangler:info] GET /app.js 304 Not Modified (14ms)
[wrangler:info] GET /style.css 304 Not Modified (16ms)
[wrangler:info] GET / 200 OK (4ms)
[wrangler:info] GET /style.css 200 OK (7ms)
[wrangler:info] GET /app.js 200 OK (8ms)
[wrangler:info] GET / 304 Not Modified (4ms)
[wrangler:info] GET /style.css 304 Not Modified (6ms)
[wrangler:info] GET /app.js 304 Not Modified (7ms)
[wrangler:info] GET / 200 OK (7ms)
[wrangler:info] GET /style.css 200 OK (8ms)
[wrangler:info] GET /app.js 200 OK (6ms)
[wrangler:info] GET / 304 Not Modified (6ms)
[wrangler:info] GET /app.js 304 Not Modified (6ms)
[wrangler:info] GET /style.css 304 Not Modified (7ms)
[wrangler:info] GET / 200 OK (4ms)
[wrangler:info] GET /style.css 200 OK (9ms)
[wrangler:info] GET /app.js 200 OK (7ms)
[wrangler:info] GET / 304 Not Modified (7ms)
[wrangler:info] GET /app.js 304 Not Modified (6ms)
[wrangler:info] GET /style.css 304 Not Modified (7ms)
[wrangler:info] GET / 304 Not Modified (4ms)
[wrangler:info] GET /style.css 304 Not Modified (4ms)
[wrangler:info] GET /app.js 304 Not Modified (5ms)
[wrangler:info] GET / 200 OK (5ms)
[wrangler:info] GET /style.css 200 OK (11ms)
[wrangler:info] GET /app.js 200 OK (13ms)
[wrangler:info] GET / 304 Not Modified (6ms)
[wrangler:info] GET /style.css 304 Not Modified (5ms)
[wrangler:info] GET /app.js 304 Not Modified (6ms)
[wrangler:info] GET / 200 OK (7ms)
[wrangler:info] GET /app.js 200 OK (11ms)
[wrangler:info] GET /style.css 200 OK (12ms)
[wrangler:info] GET / 304 Not Modified (5ms)
[wrangler:info] GET /app.js 304 Not Modified (10ms)
[wrangler:info] GET /style.css 304 Not Modified (11ms)
[wrangler:info] GET / 304 Not Modified (4ms)
[wrangler:info] GET /app.js 304 Not Modified (7ms)
[wrangler:info] GET /style.css 304 Not Modified (7ms)
[wrangler:info] GET / 200 OK (4ms)
[wrangler:info] GET /style.css 200 OK (7ms)
[wrangler:info] GET /app.js 200 OK (13ms)
[wrangler:info] GET / 304 Not Modified (4ms)
[wrangler:info] GET /style.css 304 Not Modified (8ms)
[wrangler:info] GET /app.js 304 Not Modified (8ms)
[wrangler:info] GET / 304 Not Modified (4ms)
[wrangler:info] GET /style.css 304 Not Modified (4ms)
[wrangler:info] GET /app.js 304 Not Modified (4ms)
[wrangler:info] GET / 200 OK (4ms)
[wrangler:info] GET /style.css 200 OK (10ms)
[wrangler:info] GET /app.js 200 OK (9ms)
[wrangler:info] GET / 200 OK (4ms)
[wrangler:info] GET /style.css 200 OK (6ms)
[wrangler:info] GET /app.js 200 OK (12ms)
[wrangler:info] GET / 304 Not Modified (7ms)
[wrangler:info] GET /app.js 304 Not Modified (9ms)
[wrangler:info] GET /style.css 304 Not Modified (10ms)
[wrangler:info] GET / 304 Not Modified (5ms)
[wrangler:info] GET /style.css 304 Not Modified (5ms)
[wrangler:info] GET /app.js 304 Not Modified (10ms)
[wrangler:info] GET / 304 Not Modified (8ms)
[wrangler:info] GET /style.css 304 Not Modified (5ms)
[wrangler:info] GET /app.js 304 Not Modified (5ms)
[wrangler:info] GET / 200 OK (4ms)
[wrangler:info] GET /app.js 200 OK (7ms)
[wrangler:info] GET /style.css 200 OK (10ms)
[wrangler:info] GET / 304 Not Modified (4ms)
[wrangler:info] GET /style.css 304 Not Modified (4ms)
[wrangler:info] GET /app.js 304 Not Modified (5ms)
[wrangler:info] GET / 304 Not Modified (4ms)
[wrangler:info] GET /style.css 304 Not Modified (6ms)
[wrangler:info] GET /app.js 304 Not Modified (8ms)
[wrangler:info] GET / 200 OK (5ms)
[wrangler:info] GET /app.js 200 OK (7ms)
[wrangler:info] GET /style.css 200 OK (10ms)
[wrangler:info] GET / 304 Not Modified (5ms)
[wrangler:info] GET /style.css 304 Not Modified (4ms)
[wrangler:info] GET /app.js 304 Not Modified (6ms)
[wrangler:info] GET / 304 Not Modified (5ms)
[wrangler:info] GET /style.css 304 Not Modified (5ms)
[wrangler:info] GET /app.js 304 Not Modified (7ms)
[wrangler:info] GET / 200 OK (5ms)
[wrangler:info] GET /app.js 200 OK (6ms)
[wrangler:info] GET /style.css 200 OK (7ms)
[wrangler:info] GET / 304 Not Modified (6ms)
[wrangler:info] GET /style.css 304 Not Modified (3ms)
[wrangler:info] GET /app.js 304 Not Modified (4ms)
[wrangler:info] GET / 200 OK (4ms)
[wrangler:info] GET /style.css 200 OK (5ms)
[wrangler:info] GET /app.js 200 OK (8ms)
[wrangler:info] GET / 304 Not Modified (6ms)
[wrangler:info] GET /style.css 304 Not Modified (4ms)
[wrangler:info] GET /app.js 304 Not Modified (5ms)
[wrangler:info] GET / 200 OK (3ms)
[wrangler:info] GET /style.css 200 OK (4ms)
[wrangler:info] GET /app.js 200 OK (6ms)
[wrangler:info] GET / 304 Not Modified (4ms)
[wrangler:info] GET /style.css 304 Not Modified (4ms)
[wrangler:info] GET /app.js 304 Not Modified (6ms)
[wrangler:info] GET / 304 Not Modified (4ms)
[wrangler:info] GET /style.css 304 Not Modified (5ms)
[wrangler:info] GET /app.js 304 Not Modified (6ms)
[wrangler:info] GET / 200 OK (4ms)
[wrangler:info] GET /style.css 200 OK (4ms)
[wrangler:info] GET /app.js 200 OK (7ms)
[wrangler:info] GET / 304 Not Modified (3ms)
[wrangler:info] GET /style.css 304 Not Modified (4ms)
[wrangler:info] GET /app.js 304 Not Modified (4ms)
[wrangler:info] GET / 304 Not Modified (4ms)
[wrangler:info] GET /style.css 304 Not Modified (6ms)
[wrangler:info] GET /app.js 304 Not Modified (9ms)
