npm warn exec The following package was not found and will be installed: wrangler@4.73.0

 ⛅️ wrangler 4.73.0
───────────────────
⎔ Starting local server...
[wrangler:info] Ready on http://localhost:3000
⎔ Reloading local server...
⎔ Local server updated and ready
[wrangler:info] GET / 200 OK (22ms)
[wrangler:info] GET /style.css 200 OK (7ms)
[wrangler:info] GET /app.js 200 OK (11ms)
[wrangler:info] GET / 304 Not Modified (7ms)
[wrangler:info] GET /style.css 304 Not Modified (9ms)
[wrangler:info] GET /app.js 304 Not Modified (12ms)
[wrangler:info] GET / 200 OK (6ms)
[wrangler:info] GET /style.css 200 OK (9ms)
[wrangler:info] GET /app.js 200 OK (15ms)
[wrangler:info] GET / 304 Not Modified (5ms)
[wrangler:info] GET /style.css 304 Not Modified (4ms)
[wrangler:info] GET /app.js 304 Not Modified (6ms)
[wrangler:info] GET / 200 OK (8ms)
[wrangler:info] GET /style.css 200 OK (13ms)
[wrangler:info] GET /app.js 200 OK (11ms)
[wrangler:info] GET / 304 Not Modified (5ms)
[wrangler:info] GET /style.css 304 Not Modified (5ms)
[wrangler:info] GET /app.js 304 Not Modified (7ms)
[wrangler:info] GET / 200 OK (7ms)
[wrangler:info] GET /style.css 200 OK (11ms)
[wrangler:info] GET /app.js 200 OK (12ms)
[wrangler:info] GET / 304 Not Modified (6ms)
[wrangler:info] GET /style.css 304 Not Modified (10ms)
[wrangler:info] GET /app.js 304 Not Modified (12ms)
[wrangler:info] GET / 200 OK (13ms)
[wrangler:info] GET /style.css 200 OK (12ms)
[wrangler:info] GET /app.js 200 OK (12ms)
[wrangler:info] GET / 304 Not Modified (9ms)
[wrangler:info] GET /style.css 304 Not Modified (12ms)
[wrangler:info] GET /app.js 304 Not Modified (15ms)
[wrangler:info] GET / 200 OK (6ms)
[wrangler:info] GET /style.css 200 OK (11ms)
[wrangler:info] GET /app.js 200 OK (10ms)
[wrangler:info] GET / 304 Not Modified (7ms)
[wrangler:info] GET /style.css 304 Not Modified (4ms)
[wrangler:info] GET /app.js 304 Not Modified (6ms)
[wrangler:info] GET / 200 OK (6ms)
[wrangler:info] GET /style.css 200 OK (8ms)
[wrangler:info] GET /app.js 200 OK (7ms)
[wrangler:info] GET / 304 Not Modified (4ms)
[wrangler:info] GET /style.css 304 Not Modified (5ms)
[wrangler:info] GET /app.js 304 Not Modified (5ms)
[wrangler:info] GET / 200 OK (6ms)
[wrangler:info] GET /style.css 200 OK (10ms)
[wrangler:info] GET /app.js 200 OK (11ms)
[wrangler:info] GET / 304 Not Modified (4ms)
[wrangler:info] GET /style.css 304 Not Modified (7ms)
[wrangler:info] GET /app.js 304 Not Modified (8ms)
[wrangler:info] GET / 304 Not Modified (4ms)
[wrangler:info] GET /style.css 304 Not Modified (7ms)
[wrangler:info] GET /app.js 304 Not Modified (13ms)
[wrangler:info] GET / 200 OK (6ms)
[wrangler:info] GET /style.css 200 OK (8ms)
[wrangler:info] GET /app.js 200 OK (13ms)
[wrangler:info] GET / 304 Not Modified (4ms)
[wrangler:info] GET /style.css 304 Not Modified (4ms)
[wrangler:info] GET /app.js 304 Not Modified (6ms)
[wrangler:info] GET / 304 Not Modified (4ms)
[wrangler:info] GET /style.css 304 Not Modified (5ms)
[wrangler:info] GET /app.js 304 Not Modified (6ms)
[wrangler:info] GET / 200 OK (5ms)
[wrangler:info] GET /app.js 200 OK (7ms)
[wrangler:info] GET /style.css 200 OK (9ms)
[wrangler:info] GET / 304 Not Modified (6ms)
[wrangler:info] GET /style.css 304 Not Modified (4ms)
[wrangler:info] GET /app.js 304 Not Modified (8ms)
[wrangler:info] GET / 304 Not Modified (4ms)
[wrangler:info] GET /style.css 304 Not Modified (4ms)
[wrangler:info] GET /app.js 304 Not Modified (9ms)
[wrangler:info] GET / 200 OK (12ms)
[wrangler:info] GET /style.css 200 OK (10ms)
[wrangler:info] GET /app.js 200 OK (10ms)
[wrangler:info] GET / 304 Not Modified (9ms)
[wrangler:info] GET /style.css 304 Not Modified (6ms)
[wrangler:info] GET /app.js 304 Not Modified (6ms)
[wrangler:info] GET / 304 Not Modified (5ms)
[wrangler:info] GET /style.css 304 Not Modified (6ms)
[wrangler:info] GET /app.js 304 Not Modified (5ms)
[wrangler:info] GET / 200 OK (6ms)
[wrangler:info] GET /style.css 200 OK (6ms)
[wrangler:info] GET /app.js 200 OK (6ms)
[wrangler:info] GET / 200 OK (5ms)
[wrangler:info] GET /style.css 200 OK (7ms)
[wrangler:info] GET /app.js 200 OK (9ms)
[wrangler:info] GET / 200 OK (4ms)
[wrangler:info] GET /style.css 200 OK (8ms)
[wrangler:info] GET /app.js 200 OK (12ms)
[wrangler:info] GET / 304 Not Modified (5ms)
[wrangler:info] GET /style.css 304 Not Modified (4ms)
[wrangler:info] GET /app.js 304 Not Modified (5ms)
